<?xml version="1.0" encoding="UTF-8"?>
<!-- Generated by org.testng.reporters.JUnitReportReporter -->
<testsuite hostname="RAKSHITHAs-MacBook-Air.local" failures="0" tests="1" name="testcases.HomeTest" time="0.006" errors="0" timestamp="2022-03-28T20:14:10 IST" skipped="0">
  <testcase classname="testcases.HomeTest" name="test" time="0.006"/>
  <system-out/>
</testsuite> <!-- testcases.HomeTest -->
