<?xml version="1.0" encoding="UTF-8"?>
<!-- Generated by org.testng.reporters.JUnitReportReporter -->
<testsuite skipped="0" hostname="RAKSHITHAs-MacBook-Air.local" name="testcases.LoginTest" tests="1" failures="0" timestamp="2022-04-02T18:42:09 IST" time="28.545" errors="0">
  <testcase name="LoginFailureTest" time="28.545" classname="testcases.LoginTest"/>
  <system-out/>
</testsuite> <!-- testcases.LoginTest -->
